<?xml version="1.0" encoding="UTF-8"?>
<testng-results ignored="0" total="1" passed="1" failed="0" skipped="0">
  <reporter-output>
  </reporter-output>
  <suite started-at="2024-04-11T05:23:53Z" name="Default suite" finished-at="2024-04-11T05:23:59Z" duration-ms="6227">
    <groups>
    </groups>
    <test started-at="2024-04-11T05:23:53Z" name="Default test" finished-at="2024-04-11T05:23:59Z" duration-ms="6227">
      <class name="Basic.MyScript">
        <test-method signature="test()[pri:0, instance:Basic.MyScript@69f1a286]" started-at="2024-04-11T10:53:53Z" name="test" finished-at="2024-04-11T10:53:59Z" duration-ms="6212" status="PASS">
          <reporter-output>
          </reporter-output>
        </test-method> <!-- test -->
      </class> <!-- Basic.MyScript -->
    </test> <!-- Default test -->
  </suite> <!-- Default suite -->
</testng-results>
